# JRE version: Java(TM) SE Runtime Environment (8.0_60-b27) (build 1.8.0_60-b27)
# Java VM: Java HotSpot(TM) 64-Bit Server VM (25.60-b23 mixed mode windows-amd64 compressed oops)
Heap:
 PSYoungGen      total 214528K, used 200774K [0x00000000d5e00000, 0x00000000e7b00000, 0x0000000100000000)
  eden space 201216K, 94% used [0x00000000d5e00000,0x00000000e17c0760,0x00000000e2280000)
  from space 13312K, 79% used [0x00000000e2280000,0x00000000e2cd1400,0x00000000e2f80000)
  to   space 13824K, 0% used [0x00000000e6d80000,0x00000000e6d80000,0x00000000e7b00000)
 ParOldGen       total 81408K, used 18980K [0x0000000081a00000, 0x0000000086980000, 0x00000000d5e00000)
  object space 81408K, 23% used [0x0000000081a00000,0x0000000082c893a0,0x0000000086980000)
 Metaspace       used 45275K, capacity 47172K, committed 47488K, reserved 1091584K
  class space    used 5843K, capacity 6201K, committed 6272K, reserved 1048576K
GC Heap History (10 events):
Event: 4.512 GC heap before
{Heap before GC invocations=7 (full 1):
 PSYoungGen      total 71680K, used 66560K [0x00000000d5e00000, 0x00000000df000000, 0x0000000100000000)
  eden space 66560K, 100% used [0x00000000d5e00000,0x00000000d9f00000,0x00000000d9f00000)
  from space 5120K, 0% used [0x00000000d9f00000,0x00000000d9f00000,0x00000000da400000)
  to   space 8192K, 0% used [0x00000000de800000,0x00000000de800000,0x00000000df000000)
 ParOldGen       total 48640K, used 5835K [0x0000000081a00000, 0x0000000084980000, 0x00000000d5e00000)
  object space 48640K, 11% used [0x0000000081a00000,0x0000000081fb2c40,0x0000000084980000)
 Metaspace       used 23761K, capacity 24706K, committed 24960K, reserved 1071104K
  class space    used 3180K, capacity 3399K, committed 3456K, reserved 1048576K
Event: 4.518 GC heap after
Heap after GC invocations=7 (full 1):
 PSYoungGen      total 123392K, used 5520K [0x00000000d5e00000, 0x00000000ded80000, 0x0000000100000000)
  eden space 117760K, 0% used [0x00000000d5e00000,0x00000000d5e00000,0x00000000dd100000)
  from space 5632K, 98% used [0x00000000de800000,0x00000000ded64040,0x00000000ded80000)
  to   space 8192K, 0% used [0x00000000ddd80000,0x00000000ddd80000,0x00000000de580000)
 ParOldGen       total 48640K, used 5907K [0x0000000081a00000, 0x0000000084980000, 0x00000000d5e00000)
  object space 48640K, 12% used [0x0000000081a00000,0x0000000081fc4c50,0x0000000084980000)
 Metaspace       used 23761K, capacity 24706K, committed 24960K, reserved 1071104K
  class space    used 3180K, capacity 3399K, committed 3456K, reserved 1048576K
}
Event: 5.559 GC heap before
{Heap before GC invocations=8 (full 1):
 PSYoungGen      total 123392K, used 123280K [0x00000000d5e00000, 0x00000000ded80000, 0x0000000100000000)
  eden space 117760K, 100% used [0x00000000d5e00000,0x00000000dd100000,0x00000000dd100000)
  from space 5632K, 98% used [0x00000000de800000,0x00000000ded64040,0x00000000ded80000)
  to   space 8192K, 0% used [0x00000000ddd80000,0x00000000ddd80000,0x00000000de580000)
 ParOldGen       total 48640K, used 5907K [0x0000000081a00000, 0x0000000084980000, 0x00000000d5e00000)
  object space 48640K, 12% used [0x0000000081a00000,0x0000000081fc4c50,0x0000000084980000)
 Metaspace       used 29553K, capacity 30970K, committed 31232K, reserved 1077248K
  class space    used 3999K, capacity 4285K, committed 4352K, reserved 1048576K
Event: 5.572 GC heap after
Heap after GC invocations=8 (full 1):
 PSYoungGen      total 138752K, used 8170K [0x00000000d5e00000, 0x00000000e3a00000, 0x0000000100000000)
  eden space 130560K, 0% used [0x00000000d5e00000,0x00000000d5e00000,0x00000000ddd80000)
  from space 8192K, 99% used [0x00000000ddd80000,0x00000000de57a840,0x00000000de580000)
  to   space 10752K, 0% used [0x00000000e2f80000,0x00000000e2f80000,0x00000000e3a00000)
 ParOldGen       total 48640K, used 9385K [0x0000000081a00000, 0x0000000084980000, 0x00000000d5e00000)
  object space 48640K, 19% used [0x0000000081a00000,0x000000008232a4b8,0x0000000084980000)
 Metaspace       used 29553K, capacity 30970K, committed 31232K, reserved 1077248K
  class space    used 3999K, capacity 4285K, committed 4352K, reserved 1048576K
}
Event: 7.629 GC heap before
{Heap before GC invocations=9 (full 1):
 PSYoungGen      total 138752K, used 100563K [0x00000000d5e00000, 0x00000000e3a00000, 0x0000000100000000)
  eden space 130560K, 70% used [0x00000000d5e00000,0x00000000db83a5e0,0x00000000ddd80000)
  from space 8192K, 99% used [0x00000000ddd80000,0x00000000de57a840,0x00000000de580000)
  to   space 10752K, 0% used [0x00000000e2f80000,0x00000000e2f80000,0x00000000e3a00000)
 ParOldGen       total 48640K, used 9385K [0x0000000081a00000, 0x0000000084980000, 0x00000000d5e00000)
  object space 48640K, 19% used [0x0000000081a00000,0x000000008232a4b8,0x0000000084980000)
 Metaspace       used 33980K, capacity 35358K, committed 35496K, reserved 1079296K
  class space    used 4475K, capacity 4753K, committed 4864K, reserved 1048576K
Event: 7.646 GC heap after
Heap after GC invocations=9 (full 1):
 PSYoungGen      total 211968K, used 10736K [0x00000000d5e00000, 0x00000000e4f80000, 0x0000000100000000)
  eden space 201216K, 0% used [0x00000000d5e00000,0x00000000d5e00000,0x00000000e2280000)
  from space 10752K, 99% used [0x00000000e2f80000,0x00000000e39fc050,0x00000000e3a00000)
  to   space 13312K, 0% used [0x00000000e2280000,0x00000000e2280000,0x00000000e2f80000)
 ParOldGen       total 48640K, used 12813K [0x0000000081a00000, 0x0000000084980000, 0x00000000d5e00000)
  object space 48640K, 26% used [0x0000000081a00000,0x0000000082683520,0x0000000084980000)
 Metaspace       used 33980K, capacity 35358K, committed 35496K, reserved 1079296K
  class space    used 4475K, capacity 4753K, committed 4864K, reserved 1048576K
}
Event: 7.646 GC heap before
{Heap before GC invocations=10 (full 2):
 PSYoungGen      total 211968K, used 10736K [0x00000000d5e00000, 0x00000000e4f80000, 0x0000000100000000)
  eden space 201216K, 0% used [0x00000000d5e00000,0x00000000d5e00000,0x00000000e2280000)
  from space 10752K, 99% used [0x00000000e2f80000,0x00000000e39fc050,0x00000000e3a00000)
  to   space 13312K, 0% used [0x00000000e2280000,0x00000000e2280000,0x00000000e2f80000)
 ParOldGen       total 48640K, used 12813K [0x0000000081a00000, 0x0000000084980000, 0x00000000d5e00000)
  object space 48640K, 26% used [0x0000000081a00000,0x0000000082683520,0x0000000084980000)
 Metaspace       used 33980K, capacity 35358K, committed 35496K, reserved 1079296K
  class space    used 4475K, capacity 4753K, committed 4864K, reserved 1048576K
Event: 7.748 GC heap after
Heap after GC invocations=10 (full 2):
 PSYoungGen      total 211968K, used 0K [0x00000000d5e00000, 0x00000000e4f80000, 0x0000000100000000)
  eden space 201216K, 0% used [0x00000000d5e00000,0x00000000d5e00000,0x00000000e2280000)
  from space 10752K, 0% used [0x00000000e2f80000,0x00000000e2f80000,0x00000000e3a00000)
  to   space 13312K, 0% used [0x00000000e2280000,0x00000000e2280000,0x00000000e2f80000)
 ParOldGen       total 81408K, used 18972K [0x0000000081a00000, 0x0000000086980000, 0x00000000d5e00000)
  object space 81408K, 23% used [0x0000000081a00000,0x0000000082c873a0,0x0000000086980000)
 Metaspace       used 33980K, capacity 35358K, committed 35496K, reserved 1079296K
  class space    used 4475K, capacity 4753K, committed 4864K, reserved 1048576K
}
Event: 8.971 GC heap before
{Heap before GC invocations=11 (full 2):
 PSYoungGen      total 211968K, used 201216K [0x00000000d5e00000, 0x00000000e4f80000, 0x0000000100000000)
  eden space 201216K, 100% used [0x00000000d5e00000,0x00000000e2280000,0x00000000e2280000)
  from space 10752K, 0% used [0x00000000e2f80000,0x00000000e2f80000,0x00000000e3a00000)
  to   space 13312K, 0% used [0x00000000e2280000,0x00000000e2280000,0x00000000e2f80000)
 ParOldGen       total 81408K, used 18972K [0x0000000081a00000, 0x0000000086980000, 0x00000000d5e00000)
  object space 81408K, 23% used [0x0000000081a00000,0x0000000082c873a0,0x0000000086980000)
 Metaspace       used 38273K, capacity 39990K, committed 40192K, reserved 1083392K
  class space    used 5003K, capacity 5329K, committed 5376K, reserved 1048576K
Event: 8.984 GC heap after
Heap after GC invocations=11 (full 2):
 PSYoungGen      total 214528K, used 10565K [0x00000000d5e00000, 0x00000000e7b00000, 0x0000000100000000)
  eden space 201216K, 0% used [0x00000000d5e00000,0x00000000d5e00000,0x00000000e2280000)
  from space 13312K, 79% used [0x00000000e2280000,0x00000000e2cd1400,0x00000000e2f80000)
  to   space 13824K, 0% used [0x00000000e6d80000,0x00000000e6d80000,0x00000000e7b00000)
 ParOldGen       total 81408K, used 18980K [0x0000000081a00000, 0x0000000086980000, 0x00000000d5e00000)
  object space 81408K, 23% used [0x0000000081a00000,0x0000000082c893a0,0x0000000086980000)
 Metaspace       used 38273K, capacity 39990K, committed 40192K, reserved 1083392K
  class space    used 5003K, capacity 5329K, committed 5376K, reserved 1048576K
}

